<?xml version="1.0" encoding="UTF-8"?>
<testsuite xmlns:xsi="http://www.w3.org/2001/XMLSchema-instance" xsi:noNamespaceSchemaLocation="https://maven.apache.org/surefire/maven-surefire-plugin/xsd/surefire-test-report-3.0.xsd" version="3.0" name="com.highnote.HighnoteTest" time="0.604" tests="9" errors="0" skipped="0" failures="0">
  <properties>
[...]
</properties>
  <testcase name="processTransactionsShouldReturnValidResponseShouldDecline" classname="com.highnote.HighnoteTest" time="0.271"/>
  <testcase name="processTransactionsCheckBalance" classname="com.highnote.HighnoteTest" time="0.002"/>
  <testcase name="processTransactionsShouldReturnValidResponseWithZip" classname="com.highnote.HighnoteTest" time="0.005"/>
  <testcase name="processTransactionsHighAmountValue" classname="com.highnote.HighnoteTest" time="0.001"/>
  <testcase name="processTransactionsShouldReturnErrorResponse" classname="com.highnote.HighnoteTest" time="0.001"/>
  <testcase name="processTransactionsShouldReturnValidResponse" classname="com.highnote.HighnoteTest" time="0.002"/>
  <testcase name="processTransactionsShouldReturnValidResponseWithoutZip" classname="com.highnote.HighnoteTest" time="0.003"/>
  <testcase name="processTransactionsShouldDeclineTheTransaction" classname="com.highnote.HighnoteTest" time="0.001"/>
  <testcase name="demoTest" classname="com.highnote.HighnoteTest" time="0.002"/>
</testsuite>